Performing C SOURCE FILE Test CMAKE_HAVE_LIBC_PTHREAD failed with the following output:
Change Dir: /mnt/c/Users/Ishe/Desktop/Ishe/1. COS 214 - Software Modelling/Google Test/CMakeFiles/CMakeTmp

Run Build Command(s):/usr/bin/make cmTC_5a7ad/fast && /usr/bin/make -f CMakeFiles/cmTC_5a7ad.dir/build.make CMakeFiles/cmTC_5a7ad.dir/build
make[1]: Entering directory '/mnt/c/Users/Ishe/Desktop/Ishe/1. COS 214 - Software Modelling/Google Test/CMakeFiles/CMakeTmp'
Building C object CMakeFiles/cmTC_5a7ad.dir/src.c.o
/usr/bin/cc   -DCMAKE_HAVE_LIBC_PTHREAD   -o CMakeFiles/cmTC_5a7ad.dir/src.c.o   -c "/mnt/c/Users/Ishe/Desktop/Ishe/1. COS 214 - Software Modelling/Google Test/CMakeFiles/CMakeTmp/src.c"
Linking C executable cmTC_5a7ad
/usr/bin/cmake -E cmake_link_script CMakeFiles/cmTC_5a7ad.dir/link.txt --verbose=1
/usr/bin/cc  -DCMAKE_HAVE_LIBC_PTHREAD    CMakeFiles/cmTC_5a7ad.dir/src.c.o  -o cmTC_5a7ad 
/usr/bin/ld: CMakeFiles/cmTC_5a7ad.dir/src.c.o: in function `main':
src.c:(.text+0x46): undefined reference to `pthread_create'
/usr/bin/ld: src.c:(.text+0x52): undefined reference to `pthread_detach'
/usr/bin/ld: src.c:(.text+0x63): undefined reference to `pthread_join'
collect2: error: ld returned 1 exit status
make[1]: *** [CMakeFiles/cmTC_5a7ad.dir/build.make:87: cmTC_5a7ad] Error 1
make[1]: Leaving directory '/mnt/c/Users/Ishe/Desktop/Ishe/1. COS 214 - Software Modelling/Google Test/CMakeFiles/CMakeTmp'
make: *** [Makefile:121: cmTC_5a7ad/fast] Error 2


Source file was:
#include <pthread.h>

void* test_func(void* data)
{
  return data;
}

int main(void)
{
  pthread_t thread;
  pthread_create(&thread, NULL, test_func, NULL);
  pthread_detach(thread);
  pthread_join(thread, NULL);
  pthread_atfork(NULL, NULL, NULL);
  pthread_exit(NULL);

  return 0;
}

Determining if the function pthread_create exists in the pthreads failed with the following output:
Change Dir: /mnt/c/Users/Ishe/Desktop/Ishe/1. COS 214 - Software Modelling/Google Test/CMakeFiles/CMakeTmp

Run Build Command(s):/usr/bin/make cmTC_c659d/fast && /usr/bin/make -f CMakeFiles/cmTC_c659d.dir/build.make CMakeFiles/cmTC_c659d.dir/build
make[1]: Entering directory '/mnt/c/Users/Ishe/Desktop/Ishe/1. COS 214 - Software Modelling/Google Test/CMakeFiles/CMakeTmp'
Building C object CMakeFiles/cmTC_c659d.dir/CheckFunctionExists.c.o
/usr/bin/cc   -DCHECK_FUNCTION_EXISTS=pthread_create   -o CMakeFiles/cmTC_c659d.dir/CheckFunctionExists.c.o   -c /usr/share/cmake-3.16/Modules/CheckFunctionExists.c
Linking C executable cmTC_c659d
/usr/bin/cmake -E cmake_link_script CMakeFiles/cmTC_c659d.dir/link.txt --verbose=1
/usr/bin/cc  -DCHECK_FUNCTION_EXISTS=pthread_create    CMakeFiles/cmTC_c659d.dir/CheckFunctionExists.c.o  -o cmTC_c659d  -lpthreads 
/usr/bin/ld: cannot find -lpthreads
collect2: error: ld returned 1 exit status
make[1]: *** [CMakeFiles/cmTC_c659d.dir/build.make:87: cmTC_c659d] Error 1
make[1]: Leaving directory '/mnt/c/Users/Ishe/Desktop/Ishe/1. COS 214 - Software Modelling/Google Test/CMakeFiles/CMakeTmp'
make: *** [Makefile:121: cmTC_c659d/fast] Error 2



Performing C SOURCE FILE Test CMAKE_HAVE_LIBC_PTHREAD failed with the following output:
Change Dir: /mnt/c/Users/Ishe/Desktop/Ishe/1. COS 214 - Software Modelling/Google Test/CMakeFiles/CMakeTmp

Run Build Command(s):/usr/bin/make cmTC_92862/fast && /usr/bin/make -f CMakeFiles/cmTC_92862.dir/build.make CMakeFiles/cmTC_92862.dir/build
make[1]: Entering directory '/mnt/c/Users/Ishe/Desktop/Ishe/1. COS 214 - Software Modelling/Google Test/CMakeFiles/CMakeTmp'
Building C object CMakeFiles/cmTC_92862.dir/src.c.o
/usr/bin/cc   -DCMAKE_HAVE_LIBC_PTHREAD   -o CMakeFiles/cmTC_92862.dir/src.c.o   -c "/mnt/c/Users/Ishe/Desktop/Ishe/1. COS 214 - Software Modelling/Google Test/CMakeFiles/CMakeTmp/src.c"
Linking C executable cmTC_92862
/usr/bin/cmake -E cmake_link_script CMakeFiles/cmTC_92862.dir/link.txt --verbose=1
/usr/bin/cc  -DCMAKE_HAVE_LIBC_PTHREAD    CMakeFiles/cmTC_92862.dir/src.c.o  -o cmTC_92862 
/usr/bin/ld: CMakeFiles/cmTC_92862.dir/src.c.o: in function `main':
src.c:(.text+0x46): undefined reference to `pthread_create'
/usr/bin/ld: src.c:(.text+0x52): undefined reference to `pthread_detach'
/usr/bin/ld: src.c:(.text+0x63): undefined reference to `pthread_join'
collect2: error: ld returned 1 exit status
make[1]: *** [CMakeFiles/cmTC_92862.dir/build.make:87: cmTC_92862] Error 1
make[1]: Leaving directory '/mnt/c/Users/Ishe/Desktop/Ishe/1. COS 214 - Software Modelling/Google Test/CMakeFiles/CMakeTmp'
make: *** [Makefile:121: cmTC_92862/fast] Error 2


Source file was:
#include <pthread.h>

void* test_func(void* data)
{
  return data;
}

int main(void)
{
  pthread_t thread;
  pthread_create(&thread, NULL, test_func, NULL);
  pthread_detach(thread);
  pthread_join(thread, NULL);
  pthread_atfork(NULL, NULL, NULL);
  pthread_exit(NULL);

  return 0;
}

Determining if the function pthread_create exists in the pthreads failed with the following output:
Change Dir: /mnt/c/Users/Ishe/Desktop/Ishe/1. COS 214 - Software Modelling/Google Test/CMakeFiles/CMakeTmp

Run Build Command(s):/usr/bin/make cmTC_86f14/fast && /usr/bin/make -f CMakeFiles/cmTC_86f14.dir/build.make CMakeFiles/cmTC_86f14.dir/build
make[1]: Entering directory '/mnt/c/Users/Ishe/Desktop/Ishe/1. COS 214 - Software Modelling/Google Test/CMakeFiles/CMakeTmp'
Building C object CMakeFiles/cmTC_86f14.dir/CheckFunctionExists.c.o
/usr/bin/cc   -DCHECK_FUNCTION_EXISTS=pthread_create   -o CMakeFiles/cmTC_86f14.dir/CheckFunctionExists.c.o   -c /usr/share/cmake-3.16/Modules/CheckFunctionExists.c
Linking C executable cmTC_86f14
/usr/bin/cmake -E cmake_link_script CMakeFiles/cmTC_86f14.dir/link.txt --verbose=1
/usr/bin/cc  -DCHECK_FUNCTION_EXISTS=pthread_create    CMakeFiles/cmTC_86f14.dir/CheckFunctionExists.c.o  -o cmTC_86f14  -lpthreads 
/usr/bin/ld: cannot find -lpthreads
collect2: error: ld returned 1 exit status
make[1]: *** [CMakeFiles/cmTC_86f14.dir/build.make:87: cmTC_86f14] Error 1
make[1]: Leaving directory '/mnt/c/Users/Ishe/Desktop/Ishe/1. COS 214 - Software Modelling/Google Test/CMakeFiles/CMakeTmp'
make: *** [Makefile:121: cmTC_86f14/fast] Error 2



Performing C SOURCE FILE Test CMAKE_HAVE_LIBC_PTHREAD failed with the following output:
Change Dir: /mnt/c/Users/Ishe/Desktop/Ishe/1. COS 214 - Software Modelling/Google Test/CMakeFiles/CMakeTmp

Run Build Command(s):/usr/bin/make cmTC_0bd95/fast && /usr/bin/make -f CMakeFiles/cmTC_0bd95.dir/build.make CMakeFiles/cmTC_0bd95.dir/build
make[1]: Entering directory '/mnt/c/Users/Ishe/Desktop/Ishe/1. COS 214 - Software Modelling/Google Test/CMakeFiles/CMakeTmp'
Building C object CMakeFiles/cmTC_0bd95.dir/src.c.o
/usr/bin/cc   -DCMAKE_HAVE_LIBC_PTHREAD   -o CMakeFiles/cmTC_0bd95.dir/src.c.o   -c "/mnt/c/Users/Ishe/Desktop/Ishe/1. COS 214 - Software Modelling/Google Test/CMakeFiles/CMakeTmp/src.c"
Linking C executable cmTC_0bd95
/usr/bin/cmake -E cmake_link_script CMakeFiles/cmTC_0bd95.dir/link.txt --verbose=1
/usr/bin/cc  -DCMAKE_HAVE_LIBC_PTHREAD    CMakeFiles/cmTC_0bd95.dir/src.c.o  -o cmTC_0bd95 
/usr/bin/ld: CMakeFiles/cmTC_0bd95.dir/src.c.o: in function `main':
src.c:(.text+0x46): undefined reference to `pthread_create'
/usr/bin/ld: src.c:(.text+0x52): undefined reference to `pthread_detach'
/usr/bin/ld: src.c:(.text+0x63): undefined reference to `pthread_join'
collect2: error: ld returned 1 exit status
make[1]: *** [CMakeFiles/cmTC_0bd95.dir/build.make:87: cmTC_0bd95] Error 1
make[1]: Leaving directory '/mnt/c/Users/Ishe/Desktop/Ishe/1. COS 214 - Software Modelling/Google Test/CMakeFiles/CMakeTmp'
make: *** [Makefile:121: cmTC_0bd95/fast] Error 2


Source file was:
#include <pthread.h>

void* test_func(void* data)
{
  return data;
}

int main(void)
{
  pthread_t thread;
  pthread_create(&thread, NULL, test_func, NULL);
  pthread_detach(thread);
  pthread_join(thread, NULL);
  pthread_atfork(NULL, NULL, NULL);
  pthread_exit(NULL);

  return 0;
}

Determining if the function pthread_create exists in the pthreads failed with the following output:
Change Dir: /mnt/c/Users/Ishe/Desktop/Ishe/1. COS 214 - Software Modelling/Google Test/CMakeFiles/CMakeTmp

Run Build Command(s):/usr/bin/make cmTC_73667/fast && /usr/bin/make -f CMakeFiles/cmTC_73667.dir/build.make CMakeFiles/cmTC_73667.dir/build
make[1]: Entering directory '/mnt/c/Users/Ishe/Desktop/Ishe/1. COS 214 - Software Modelling/Google Test/CMakeFiles/CMakeTmp'
Building C object CMakeFiles/cmTC_73667.dir/CheckFunctionExists.c.o
/usr/bin/cc   -DCHECK_FUNCTION_EXISTS=pthread_create   -o CMakeFiles/cmTC_73667.dir/CheckFunctionExists.c.o   -c /usr/share/cmake-3.16/Modules/CheckFunctionExists.c
Linking C executable cmTC_73667
/usr/bin/cmake -E cmake_link_script CMakeFiles/cmTC_73667.dir/link.txt --verbose=1
/usr/bin/cc  -DCHECK_FUNCTION_EXISTS=pthread_create    CMakeFiles/cmTC_73667.dir/CheckFunctionExists.c.o  -o cmTC_73667  -lpthreads 
/usr/bin/ld: cannot find -lpthreads
collect2: error: ld returned 1 exit status
make[1]: *** [CMakeFiles/cmTC_73667.dir/build.make:87: cmTC_73667] Error 1
make[1]: Leaving directory '/mnt/c/Users/Ishe/Desktop/Ishe/1. COS 214 - Software Modelling/Google Test/CMakeFiles/CMakeTmp'
make: *** [Makefile:121: cmTC_73667/fast] Error 2



